[INFO]: 2018-08-16 16:36:35,855 - dashboard.py - searilize_page - Thread-1 - {'asset_categories': {'names': ['server'], 'data': [{'name': 'server', 'value': 3}]}, 'business_load': {'names': ['joy', 'gate', 'API', '虚拟机集群'], 'data': {'load': [29, 38, 38, 26], 'left': [71, 62, 62, 74]}}, 'asset_status_list': {'names': ['Up'], 'data': [{'name': 'Up', 'value': 3}]}}
[INFO]: 2018-08-16 16:40:40,934 - dashboard.py - get_business_load - Thread-1 - 29
[INFO]: 2018-08-16 16:40:40,942 - dashboard.py - get_business_load - Thread-1 - 38
[INFO]: 2018-08-16 16:40:40,950 - dashboard.py - get_business_load - Thread-1 - 38
[INFO]: 2018-08-16 16:40:40,957 - dashboard.py - get_business_load - Thread-1 - 26
[INFO]: 2018-08-16 16:40:40,957 - dashboard.py - searilize_page - Thread-1 - {'asset_categories': {'data': [{'name': 'server', 'value': 3}], 'names': ['server']}, 'business_load': {'data': {'load': [29, 38, 38, 26], 'left': [71, 62, 62, 74]}, 'names': ['joy', 'gate', 'API', '虚拟机集群']}, 'asset_status_list': {'data': [{'name': 'Up', 'value': 3}], 'names': ['Up']}}
[INFO]: 2018-08-16 16:41:12,565 - dashboard.py - get_business_load - Thread-1 - 29
[INFO]: 2018-08-16 16:41:12,572 - dashboard.py - get_business_load - Thread-1 - 38
[INFO]: 2018-08-16 16:41:12,583 - dashboard.py - get_business_load - Thread-1 - 38
[INFO]: 2018-08-16 16:41:12,589 - dashboard.py - get_business_load - Thread-1 - 26
[INFO]: 2018-08-16 16:41:12,590 - dashboard.py - searilize_page - Thread-1 - {'asset_categories': {'names': ['server'], 'data': [{'value': 3, 'name': 'server'}]}, 'business_load': {'names': ['joy', 'gate', 'API', '虚拟机集群'], 'data': {'left': [71, 62, 62, 74], 'load': [29, 38, 38, 26]}}, 'asset_status_list': {'names': ['Up'], 'data': [{'value': 3, 'name': 'Up'}]}}
[INFO]: 2018-08-16 16:42:04,631 - dashboard.py - searilize_page - Thread-1 - {'business_load': {'data': {'load': [29, 38, 38, 26], 'left': [71, 62, 62, 74]}, 'names': ['joy', 'gate', 'API', '虚拟机集群']}, 'asset_categories': {'data': [{'value': 3, 'name': 'server'}], 'names': ['server']}, 'asset_status_list': {'data': [{'value': 3, 'name': 'Up'}], 'names': ['Up']}}
[INFO]: 2018-08-16 16:43:39,742 - dashboard.py - searilize_page - Thread-1 - {'asset_categories': {'names': ['server'], 'data': [{'name': 'server', 'value': 3}]}, 'asset_status_list': {'names': ['Up'], 'data': [{'name': 'Up', 'value': 3}]}, 'business_load': {'names': ['joy', 'gate', 'API', '虚拟机集群'], 'data': {'load': [29, 38, 38, 26], 'left': [71, 62, 62, 74]}}}
[INFO]: 2018-08-16 16:45:24,719 - dashboard.py - searilize_page - Thread-1 - {'business_load': {'data': {'left': [71, 62, 62, 74], 'load': [29, 38, 38, 26]}, 'names': ['joy', 'gate', 'API', '虚拟机集群']}, 'asset_categories': {'data': [{'name': 'server', 'value': 3}], 'names': ['server']}, 'asset_status_list': {'data': [{'name': 'Up', 'value': 3}], 'names': ['Up']}}
[INFO]: 2018-08-16 16:46:09,448 - dashboard.py - searilize_page - Thread-1 - {'business_load': {'names': ['joy', 'gate', 'API', '虚拟机集群'], 'data': {'left': [71, 62, 62, 74], 'load': [29, 38, 38, 26]}}, 'asset_status_list': {'names': ['Up'], 'data': [{'name': 'Up', 'value': 3}]}, 'asset_categories': {'names': ['server'], 'data': [{'name': 'server', 'value': 3}]}}
[INFO]: 2018-08-16 16:46:48,228 - dashboard.py - searilize_page - Thread-1 - {'asset_status_list': {'data': [{'name': 'Up', 'value': 3}], 'names': ['Up']}, 'business_load': {'data': {'left': [71, 62, 62, 74], 'load': [29, 38, 38, 26]}, 'names': ['joy', 'gate', 'API', '虚拟机集群']}, 'asset_categories': {'data': [{'name': 'server', 'value': 3}], 'names': ['server']}}
[INFO]: 2018-08-16 16:47:24,665 - dashboard.py - searilize_page - Thread-1 - {'asset_status_list': {'data': [{'name': 'Up', 'value': 3}], 'names': ['Up']}, 'business_load': {'data': {'left': [71, 71, 71, 84], 'load': [29, 29, 29, 16]}, 'names': ['joy', 'gate', 'API', '虚拟机集群']}, 'asset_categories': {'data': [{'name': 'server', 'value': 3}], 'names': ['server']}}
[INFO]: 2018-08-16 16:47:41,825 - dashboard.py - searilize_page - Thread-1 - {'asset_status_list': {'data': [{'name': 'Up', 'value': 3}], 'names': ['Up']}, 'business_load': {'data': {'left': [71, 84], 'load': [29, 16]}, 'names': ['joy', '虚拟机集群']}, 'asset_categories': {'data': [{'name': 'server', 'value': 3}], 'names': ['server']}}
[INFO]: 2018-08-16 16:48:30,713 - views.py - put - Thread-1 - {'type': 'server', 'business_unit': 'joy', 'hostname': 'kvm', 'model': 'Dell', 'status': 'Up', 'idc': '北京'}
[INFO]: 2018-08-16 16:48:30,714 - views.py - put - Thread-1 - {'type': 'server', 'business_unit': 'joy', 'hostname': 'kvm', 'model': 'Dell', 'status': 'Up', 'idc': '北京'}
[INFO]: 2018-08-16 16:48:33,222 - dashboard.py - searilize_page - Thread-1 - {'asset_status_list': {'data': [{'name': 'Up', 'value': 3}], 'names': ['Up']}, 'business_load': {'data': {'left': [84, 84], 'load': [16, 16]}, 'names': ['joy', '虚拟机集群']}, 'asset_categories': {'data': [{'name': 'server', 'value': 3}], 'names': ['server']}}
[INFO]: 2018-08-16 16:49:09,339 - dashboard.py - searilize_page - Thread-1 - {'asset_status_list': {'data': [{'value': 3, 'name': 'Up'}], 'names': ['Up']}, 'business_load': {'data': {'left': [84, 84], 'load': [16, 16]}, 'names': ['joy', '虚拟机集群']}, 'asset_categories': {'data': [{'value': 3, 'name': 'server'}], 'names': ['server']}}
[INFO]: 2018-08-16 16:50:18,292 - dashboard.py - searilize_page - Thread-1 - {'business_load': {'names': ['joy', '虚拟机集群'], 'data': {'load': [16, 16], 'left': [84, 84]}}, 'asset_status_list': {'names': ['Up'], 'data': [{'value': 3, 'name': 'Up'}]}, 'asset_categories': {'names': ['server'], 'data': [{'value': 3, 'name': 'server'}]}}
[INFO]: 2018-08-16 16:50:32,026 - dashboard.py - searilize_page - Thread-1 - {'asset_categories': {'data': [{'value': 3, 'name': 'server'}], 'names': ['server']}, 'asset_status_list': {'data': [{'value': 3, 'name': 'Up'}], 'names': ['Up']}, 'business_load': {'data': {'left': [84, 84], 'load': [16, 16]}, 'names': ['joy', '虚拟机集群']}}
[INFO]: 2018-08-16 16:51:06,973 - dashboard.py - searilize_page - Thread-1 - {'business_load': {'names': ['joy', '虚拟机集群'], 'data': {'load': [16, 16], 'left': [84, 84]}}, 'asset_categories': {'names': ['server'], 'data': [{'value': 3, 'name': 'server'}]}, 'asset_status_list': {'names': ['Up'], 'data': [{'value': 3, 'name': 'Up'}]}}
[INFO]: 2018-08-16 16:52:35,994 - dashboard.py - searilize_page - Thread-1 - {'asset_categories': {'names': ['server'], 'data': [{'name': 'server', 'value': 3}]}, 'business_load': {'names': ['joy', '虚拟机集群'], 'data': {'load': [16, 16], 'left': [84, 84]}}, 'asset_status_list': {'names': ['Up'], 'data': [{'name': 'Up', 'value': 3}]}}
[INFO]: 2018-08-16 16:53:37,207 - dashboard.py - searilize_page - Thread-1 - {'business_load': {'data': {'left': [84, 84], 'load': [16, 16]}, 'names': ['joy', '虚拟机集群']}, 'asset_categories': {'data': [{'name': 'server', 'value': 3}], 'names': ['server']}, 'asset_status_list': {'data': [{'name': 'Up', 'value': 3}], 'names': ['Up']}}
[INFO]: 2018-08-16 16:54:37,801 - dashboard.py - searilize_page - Thread-1 - {'business_load': {'data': {'left': [97, 97], 'load': [3, 3]}, 'names': ['joy', '虚拟机集群']}, 'asset_categories': {'data': [{'name': 'server', 'value': 3}], 'names': ['server']}, 'asset_status_list': {'data': [{'name': 'Up', 'value': 3}], 'names': ['Up']}}
[INFO]: 2018-08-16 16:56:01,877 - dashboard.py - searilize_page - Thread-1 - {'business_load': {'data': {'left': [97, 97], 'load': [3, 3]}, 'names': ['joy', '虚拟机集群']}, 'asset_status_list': {'data': [{'name': 'Up', 'value': 3}], 'names': ['Up']}, 'asset_categories': {'data': [{'name': 'server', 'value': 3}], 'names': ['server']}}
[INFO]: 2018-08-16 16:57:17,291 - dashboard.py - searilize_page - Thread-1 - {'business_load': {'data': {'left': [0, 0], 'load': [0, 0]}, 'names': ['']}, 'asset_categories': {'data': [{'name': 'server', 'value': 3}], 'names': ['server']}, 'asset_status_list': {'data': [{'name': 'Up', 'value': 3}], 'names': ['Up']}}
[INFO]: 2018-08-16 16:58:17,936 - dashboard.py - searilize_page - Thread-1 - {'asset_status_list': {'names': ['Up'], 'data': [{'value': 3, 'name': 'Up'}]}, 'business_load': {'names': ['joy'], 'data': {'load': [3], 'left': [97]}}, 'asset_categories': {'names': ['server'], 'data': [{'value': 3, 'name': 'server'}]}}
[INFO]: 2018-08-16 16:58:36,028 - views.py - put - Thread-1 - {'business_unit': 'joy', 'type': 'server', 'hostname': 'localhost.localdomain', 'idc': '北京', 'status': 'Up', 'model': 'Dell'}
[INFO]: 2018-08-16 16:58:36,029 - views.py - put - Thread-1 - {'business_unit': 'joy', 'type': 'server', 'hostname': 'localhost.localdomain', 'idc': '北京', 'status': 'Up', 'model': 'Dell'}
[INFO]: 2018-08-16 16:58:41,417 - views.py - put - Thread-1 - {'business_unit': 'joy', 'type': 'server', 'hostname': 'docker-test', 'idc': '北京', 'status': 'Up', 'model': 'Dell'}
[INFO]: 2018-08-16 16:58:41,417 - views.py - put - Thread-1 - {'business_unit': 'joy', 'type': 'server', 'hostname': 'docker-test', 'idc': '北京', 'status': 'Up', 'model': 'Dell'}
[INFO]: 2018-08-16 16:58:47,507 - views.py - put - Thread-1 - {'business_unit': '虚拟机集群', 'type': 'server', 'hostname': 'kvm', 'idc': '北京', 'status': 'Up', 'model': 'Dell'}
[INFO]: 2018-08-16 16:58:47,507 - views.py - put - Thread-1 - {'business_unit': '虚拟机集群', 'type': 'server', 'hostname': 'kvm', 'idc': '北京', 'status': 'Up', 'model': 'Dell'}
[INFO]: 2018-08-16 16:58:50,348 - dashboard.py - searilize_page - Thread-1 - {'asset_status_list': {'names': ['Up'], 'data': [{'value': 3, 'name': 'Up'}]}, 'business_load': {'names': ['joy', 'joy', '虚拟机集群'], 'data': {'load': [29, 38, 26], 'left': [71, 62, 74]}}, 'asset_categories': {'names': ['server'], 'data': [{'value': 3, 'name': 'server'}]}}
[INFO]: 2018-08-16 16:59:12,532 - dashboard.py - searilize_page - Thread-1 - {'business_load': {'data': {'load': [29, 38, 26], 'left': [71, 62, 74]}, 'names': ['joy', 'joy', '虚拟机集群']}, 'asset_status_list': {'data': [{'value': 3, 'name': 'Up'}], 'names': ['Up']}, 'asset_categories': {'data': [{'value': 3, 'name': 'server'}], 'names': ['server']}}
[INFO]: 2018-08-16 17:00:47,550 - dashboard.py - searilize_page - Thread-1 - {'asset_status_list': {'data': [{'name': 'Up', 'value': 3}], 'names': ['Up']}, 'business_load': {'data': {'load': [29, 38, 26], 'left': [71, 62, 74]}, 'names': ['虚拟机集群', 'joy']}, 'asset_categories': {'data': [{'name': 'server', 'value': 3}], 'names': ['server']}}
[INFO]: 2018-08-16 17:01:12,287 - dashboard.py - searilize_page - Thread-1 - {'asset_status_list': {'data': [{'value': 3, 'name': 'Up'}], 'names': ['Up']}, 'business_load': {'data': {'load': [29, 16], 'left': [71, 84]}, 'names': ['joy', '虚拟机集群']}, 'asset_categories': {'data': [{'value': 3, 'name': 'server'}], 'names': ['server']}}
[INFO]: 2018-08-16 17:01:51,687 - dashboard.py - searilize_page - Thread-1 - {'asset_categories': {'names': ['server'], 'data': [{'value': 3, 'name': 'server'}]}, 'business_load': {'names': [], 'data': {'load': [], 'left': []}}, 'asset_status_list': {'names': ['Up'], 'data': [{'value': 3, 'name': 'Up'}]}}
[INFO]: 2018-08-16 17:02:07,050 - dashboard.py - searilize_page - Thread-1 - {'business_load': {'data': {'left': [0, 0], 'load': [0, 0]}, 'names': ['']}, 'asset_status_list': {'data': [{'name': 'Up', 'value': 3}], 'names': ['Up']}, 'asset_categories': {'data': [{'name': 'server', 'value': 3}], 'names': ['server']}}
[INFO]: 2018-08-16 17:02:43,669 - dashboard.py - searilize_page - Thread-1 - {'business_load': {'names': [''], 'data': {'load': [0, 0], 'left': [0, 0]}}, 'asset_status_list': {'names': ['Up'], 'data': [{'value': 3, 'name': 'Up'}]}, 'asset_categories': {'names': ['server'], 'data': [{'value': 3, 'name': 'server'}]}}
[INFO]: 2018-08-16 17:03:52,398 - dashboard.py - searilize_page - Thread-1 - {'asset_categories': {'data': [{'name': 'server', 'value': 3}], 'names': ['server']}, 'business_load': {'data': {'load': [0, 0], 'left': [0, 0]}, 'names': ['']}, 'asset_status_list': {'data': [{'name': 'Up', 'value': 3}], 'names': ['Up']}}
[INFO]: 2018-08-16 17:05:06,412 - dashboard.py - searilize_page - Thread-1 - {'asset_categories': {'data': [{'value': 3, 'name': 'server'}], 'names': ['server']}, 'asset_status_list': {'data': [{'value': 3, 'name': 'Up'}], 'names': ['Up']}, 'business_load': {'names': [''], 'data': {'left': [0, 0], 'load': [0, 0]}}}
[INFO]: 2018-08-16 17:05:55,164 - dashboard.py - searilize_page - Thread-1 - {'business_load': {'data': {'load': [29, 3], 'left': [71, 97]}, 'names': ['joy', '虚拟机集群']}, 'asset_categories': {'data': [{'value': 3, 'name': 'server'}], 'names': ['server']}, 'asset_status_list': {'data': [{'value': 3, 'name': 'Up'}], 'names': ['Up']}}
[INFO]: 2018-08-16 17:06:10,709 - dashboard.py - searilize_page - Thread-1 - {'business_load': {'data': {'load': [29, 46, 3], 'left': [71, 54, 97]}, 'names': ['joy', 'joy', '虚拟机集群']}, 'asset_categories': {'data': [{'value': 3, 'name': 'server'}], 'names': ['server']}, 'asset_status_list': {'data': [{'value': 3, 'name': 'Up'}], 'names': ['Up']}}
[INFO]: 2018-08-16 17:09:16,454 - dashboard.py - searilize_page - Thread-1 - {'asset_status_list': {'data': [{'name': 'Up', 'value': 3}], 'names': ['Up']}, 'business_load': {'data': {'load': [29, 46, 3], 'left': [71, 54, 97]}, 'names': ['joy', '虚拟机集群']}, 'asset_categories': {'data': [{'name': 'server', 'value': 3}], 'names': ['server']}}
[INFO]: 2018-08-16 17:11:30,441 - dashboard.py - searilize_page - Thread-1 - {'asset_categories': {'data': [{'name': 'server', 'value': 3}], 'names': ['server']}, 'asset_status_list': {'data': [{'name': 'Up', 'value': 3}], 'names': ['Up']}, 'business_load': {'data': {'left': [54, 97], 'load': [46, 3]}, 'names': ['joy', '虚拟机集群']}}
[INFO]: 2018-08-16 17:14:05,656 - dashboard.py - searilize_page - Thread-1 - {'asset_status_list': {'data': [{'value': 3, 'name': 'Up'}], 'names': ['Up']}, 'asset_categories': {'data': [{'value': 3, 'name': 'server'}], 'names': ['server']}, 'business_load': {'data': {'load': [46, 3], 'left': [54, 97]}, 'names': ['joy', '虚拟机集群']}}
[INFO]: 2018-08-16 17:14:14,972 - dashboard.py - searilize_page - Thread-1 - {'asset_status_list': {'data': [{'value': 3, 'name': 'Up'}], 'names': ['Up']}, 'asset_categories': {'data': [{'value': 3, 'name': 'server'}], 'names': ['server']}, 'business_load': {'data': {'load': [46, 3], 'left': [54, 97]}, 'names': ['joy', '虚拟机集群']}}
[INFO]: 2018-08-16 17:15:22,672 - dashboard.py - searilize_page - Thread-1 - {'asset_categories': {'names': ['server'], 'data': [{'name': 'server', 'value': 3}]}, 'asset_status_list': {'names': ['Up'], 'data': [{'name': 'Up', 'value': 3}]}, 'business_load': {'names': ['joy', '虚拟机集群'], 'data': {'left': [54, 97], 'load': [46, 3]}}}
[INFO]: 2018-08-16 17:19:51,872 - dashboard.py - searilize_page - Thread-1 - {'asset_status_list': {'names': ['Up'], 'data': [{'value': 3, 'name': 'Up'}]}, 'business_load': {'names': ['joy', '虚拟机集群'], 'data': {'left': [71, 97], 'load': [29, 3]}}, 'asset_categories': {'names': ['server'], 'data': [{'value': 3, 'name': 'server'}]}}
[INFO]: 2018-08-16 17:20:32,993 - dashboard.py - searilize_page - Thread-1 - {'asset_categories': {'data': [{'name': 'server', 'value': 3}], 'names': ['server']}, 'asset_status_list': {'data': [{'name': 'Up', 'value': 3}], 'names': ['Up']}, 'business_load': {'data': {'load': [29, 46, 3], 'left': [71, 54, 97]}, 'names': ['joy', '虚拟机集群']}}
[INFO]: 2018-08-16 17:22:27,278 - dashboard.py - searilize_page - Thread-1 - {'asset_status_list': {'data': [{'value': 3, 'name': 'Up'}], 'names': ['Up']}, 'business_load': {'data': {'load': [46, 3], 'left': [54, 97]}, 'names': ['joy', '虚拟机集群']}, 'asset_categories': {'data': [{'value': 3, 'name': 'server'}], 'names': ['server']}}
[INFO]: 2018-08-16 17:27:57,137 - dashboard.py - searilize_page - Thread-1 - {'asset_status_list': {'names': ['Up'], 'data': [{'value': 3, 'name': 'Up'}]}, 'business_load': {'names': ['joy', '虚拟机集群'], 'data': {'left': [62, 97], 'load': [38, 3]}}, 'asset_categories': {'names': ['server'], 'data': [{'value': 3, 'name': 'server'}]}}
[INFO]: 2018-08-16 17:28:28,408 - dashboard.py - searilize_page - Thread-1 - {'asset_status_list': {'names': ['Up'], 'data': [{'value': 3, 'name': 'Up'}]}, 'business_load': {'names': ['joy', '虚拟机集群'], 'data': {'left': [85, 97], 'load': [15, 3]}}, 'asset_categories': {'names': ['server'], 'data': [{'value': 3, 'name': 'server'}]}}
[INFO]: 2018-08-16 17:28:55,973 - views.py - put - Thread-1 - {'hostname': 'kvm', 'business_unit': 'joy', 'model': 'Dell', 'type': 'server', 'status': 'Up', 'idc': '北京'}
[INFO]: 2018-08-16 17:28:55,974 - views.py - put - Thread-1 - {'hostname': 'kvm', 'business_unit': 'joy', 'model': 'Dell', 'type': 'server', 'status': 'Up', 'idc': '北京'}
[INFO]: 2018-08-16 17:28:58,467 - dashboard.py - searilize_page - Thread-1 - {'asset_status_list': {'names': ['Up'], 'data': [{'value': 3, 'name': 'Up'}]}, 'business_load': {'names': ['joy', '虚拟机集群'], 'data': {'left': [89], 'load': [11]}}, 'asset_categories': {'names': ['server'], 'data': [{'value': 3, 'name': 'server'}]}}
[INFO]: 2018-08-16 17:29:35,842 - views.py - put - Thread-1 - {'hostname': 'kvm', 'business_unit': '虚拟机集群', 'model': 'Dell', 'type': 'server', 'status': 'Up', 'idc': '北京'}
[INFO]: 2018-08-16 17:29:35,844 - views.py - put - Thread-1 - {'hostname': 'kvm', 'business_unit': '虚拟机集群', 'model': 'Dell', 'type': 'server', 'status': 'Up', 'idc': '北京'}
[INFO]: 2018-08-16 17:29:38,412 - dashboard.py - searilize_page - Thread-1 - {'asset_status_list': {'names': ['Up'], 'data': [{'value': 3, 'name': 'Up'}]}, 'business_load': {'names': ['joy', '虚拟机集群'], 'data': {'left': [85, 97], 'load': [15, 3]}}, 'asset_categories': {'names': ['server'], 'data': [{'value': 3, 'name': 'server'}]}}
[INFO]: 2018-08-16 17:30:41,323 - dashboard.py - searilize_page - Thread-1 - {'asset_categories': {'names': ['server'], 'data': [{'name': 'server', 'value': 3}]}, 'business_load': {'names': ['joy', '虚拟机集群'], 'data': {'load': [60, 3], 'left': [40, 97]}}, 'asset_status_list': {'names': ['Up'], 'data': [{'name': 'Up', 'value': 3}]}}
[INFO]: 2018-08-16 17:33:14,587 - dashboard.py - searilize_page - Thread-1 - {'asset_categories': {'names': ['server'], 'data': [{'name': 'server', 'value': 3}]}, 'business_load': {'names': [''], 'data': {'load': [0, 0], 'left': [0, 0]}}, 'asset_status_list': {'names': ['Up'], 'data': [{'name': 'Up', 'value': 3}]}}
[INFO]: 2018-08-16 17:33:47,470 - dashboard.py - searilize_page - Thread-1 - {'asset_categories': {'data': [{'value': 3, 'name': 'server'}], 'names': ['server']}, 'business_load': {'data': {'load': [60, 3], 'left': [40, 97]}, 'names': ['joy', '虚拟机集群', 'api']}, 'asset_status_list': {'data': [{'value': 3, 'name': 'Up'}], 'names': ['Up']}}
[INFO]: 2018-08-16 17:43:18,978 - views.py - post - Thread-1 - {'disk': '[]', 'sn': 'Not Specified', 'type': 'server', 'status': 'RUN', 'model': 'Dell', 'cpu_model': 'Intel Core Processor (Broadwell, IBRS)', 'os': 'CentOS Linux 7.5.1804 x86_64', 'memory': "{'available': 537, 'used': 296, 'cached': 565, 'percent': 45.8, 'free': 129, 'total': 991.0, 'buffers': 0}", 'hostname': 'docker-test', 'cpu_processor': 1, 'vendor': 'Red Hat', 'cpu_num': '1', 'idc': 'beijing', 'cpu_physical': 1, 'ip': '192.168.1.232'}
[INFO]: 2018-08-16 17:43:19,868 - views.py - post - Thread-1 - {'host': '192.168.1.232', 'system': {'nginx': {'state': 'Stop', 'port': 'null'}, 'mysqld': {'state': 'Stop', 'port': 'null'}, 'docker': {'state': 'Stop', 'port': 'null'}, 'sshd': {'state': 'Up', 'port': 'null'}}, 'docker-compose': {'nginx01': {'state': 'Exit', 'port': '137'}, 'tomcat01': {'state': 'Up', 'port': '0.0.0.0:30002->8080/tcp'}}}
[INFO]: 2018-08-16 17:44:08,828 - dashboard.py - searilize_page - Thread-1 - {'asset_categories': {'data': [{'value': 3, 'name': 'server'}], 'names': ['server']}, 'business_load': {'data': {'load': [60, 3], 'left': [40, 97]}, 'names': ['joy', '虚拟机集群', 'api']}, 'asset_status_list': {'data': [{'value': 3, 'name': 'Up'}], 'names': ['Up']}}
[INFO]: 2018-08-16 17:44:48,550 - views.py - post - Thread-1 - {'disk': '[]', 'sn': 'Not Specified', 'type': 'server', 'status': 'RUN', 'model': 'Dell', 'cpu_model': 'Intel Core Processor (Broadwell, IBRS)', 'os': 'CentOS Linux 7.5.1804 x86_64', 'memory': "{'available': 537, 'used': 296, 'cached': 566, 'percent': 45.8, 'free': 128, 'total': 991.0, 'buffers': 0}", 'hostname': 'docker-test', 'cpu_processor': 1, 'vendor': 'Red Hat', 'cpu_num': '1', 'idc': 'beijing', 'cpu_physical': 1, 'ip': '192.168.1.232'}
[INFO]: 2018-08-16 17:44:49,356 - views.py - post - Thread-1 - {'host': '192.168.1.232', 'system': {'nginx': {'state': 'Stop', 'port': 'null'}, 'mysqld': {'state': 'Stop', 'port': 'null'}, 'docker': {'state': 'Stop', 'port': 'null'}, 'sshd': {'state': 'Up', 'port': 'null'}}, 'docker-compose': {'nginx01': {'state': 'Exit', 'port': '137'}, 'tomcat01': {'state': 'Up', 'port': '0.0.0.0:30002->8080/tcp'}}}
[INFO]: 2018-08-16 17:45:26,115 - views.py - put - Thread-1 - {'disk': '[]', 'type': 'server', 'status': 'RUN', 'model': 'Dell', 'cpu_model': 'Intel Core Processor (Broadwell, IBRS)', 'os': 'CentOS Linux 7.5.1804 x86_64', 'memory': "{'available': 536, 'used': 297, 'cached': 566, 'percent': 45.9, 'free': 127, 'total': 991.0, 'buffers': 0}", 'cpu_processor': 1, 'vendor': 'Red Hat', 'cpu_num': '1', 'idc': 'beijing', 'cpu_physical': 1, 'ip': '192.168.1.232'}
[INFO]: 2018-08-16 17:45:26,116 - views.py - put - Thread-1 - {'disk': '[]', 'type': 'server', 'status': 'RUN', 'model': 'Dell', 'cpu_model': 'Intel Core Processor (Broadwell, IBRS)', 'os': 'CentOS Linux 7.5.1804 x86_64', 'memory': "{'available': 536, 'used': 297, 'cached': 566, 'percent': 45.9, 'free': 127, 'total': 991.0, 'buffers': 0}", 'cpu_processor': 1, 'vendor': 'Red Hat', 'cpu_num': '1', 'idc': 'beijing', 'cpu_physical': 1, 'ip': '192.168.1.232'}
[INFO]: 2018-08-16 17:45:26,941 - views.py - post - Thread-1 - {'host': '192.168.1.232', 'system': {'nginx': {'state': 'Stop', 'port': 'null'}, 'mysqld': {'state': 'Stop', 'port': 'null'}, 'docker': {'state': 'Stop', 'port': 'null'}, 'sshd': {'state': 'Up', 'port': 'null'}}, 'docker-compose': {'nginx01': {'state': 'Exit', 'port': '137'}, 'tomcat01': {'state': 'Up', 'port': '0.0.0.0:30002->8080/tcp'}}}
